[16:25:30] [Program] [INFO] Starting HyacineCore...
[16:25:30] [Program] [INFO] Loading Config File...
[16:25:30] [ConfigManager] [INFO] Current server-supported version: 4.0.0
[16:25:30] [Program] [INFO] Loading Language...
[16:25:30] [I18nManager] [INFO] 已加载 语言。
[16:25:30] [Database] [INFO] 正在加载 数据库…
[16:25:31] [Program] [INFO] 已加载 数据库账号。
[16:25:31] [Program] [WARN] 现在还不可以进入游戏，请等待所有项目加载完成后再试
[16:25:31] [Program] [INFO] 全局分发 服务器正在监听 http://127.0.0.1:21000
[16:25:31] [GameServer] [INFO] 游戏 服务器正在监听 127.0.0.1:23301
[16:25:31] [Program] [INFO] 正在加载 资源缓存…
[16:25:31] [ResCache] [INFO] 正在加载 GameData.BannersConfig…
[16:25:31] [ResCache] [INFO] 正在加载 GameData.VideoKeysConfig…
[16:25:31] [ResCache] [INFO] 正在加载 GameData.PamSkinConfigData…
[16:25:31] [ResCache] [INFO] 正在加载 GameData.ActivityConfig…
[16:25:31] [ResCache] [INFO] 正在加载 GameData.MarbleMatchInfoData…
[16:25:31] [ResCache] [INFO] 正在加载 GameData.MarbleSealData…
[16:25:31] [ResCache] [INFO] 正在加载 GameData.AvatarConfigData…
[16:25:31] [ResCache] [INFO] 正在加载 GameData.AvatarRelicRecommendData…
[16:25:31] [ResCache] [INFO] 正在加载 GameData.AvatarGlobalBuffConfigData…
[16:25:31] [ResCache] [INFO] 正在加载 GameData.AdventureAbilityConfigListData…
[16:25:31] [ResCache] [INFO] 正在加载 GameData.AvatarPromotionConfigData…
[16:25:31] [ResCache] [INFO] 正在加载 GameData.AvatarExpItemConfigData…
[16:25:31] [ResCache] [INFO] 正在加载 GameData.AvatarSkillTreeConfigData…
[16:25:31] [ResCache] [INFO] 正在加载 GameData.MazeSkillData…
[16:25:31] [ResCache] [INFO] 正在加载 GameData.AvatarSkinData…
[16:25:31] [ResCache] [INFO] 正在加载 GameData.AvatarDemoConfigData…
[16:25:31] [ResCache] [INFO] 正在加载 GameData.ExpTypeData…
[16:25:31] [ResCache] [INFO] 正在加载 GameData.MultiplePathAvatarConfigData…
[16:25:31] [ResCache] [INFO] 正在加载 GameData.AdventurePlayerData…
[16:25:31] [ResCache] [INFO] 正在加载 GameData.SummonUnitDataData…
[16:25:31] [ResCache] [INFO] 正在加载 GameData.DecideAvatarOrderData…
[16:25:31] [ResCache] [INFO] 正在加载 GameData.CharacterConfigInfoData…
[16:25:31] [ResCache] [INFO] 正在加载 GameData.UpgradeAvatarEquipmentData…
[16:25:31] [ResCache] [INFO] 正在加载 GameData.UpgradeAvatarSubTypeData…
[16:25:31] [ResCache] [INFO] 正在加载 GameData.UpgradeAvatarSubRelicData…
[16:25:31] [ResCache] [INFO] 正在加载 GameData.ChallengeConfigData…
[16:25:31] [ResCache] [INFO] 正在加载 GameData.ChallengeTargetData…
[16:25:31] [ResCache] [INFO] 正在加载 GameData.ChallengeGroupData…
[16:25:31] [ResCache] [INFO] 正在加载 GameData.ChallengePeakOverrideConfig…
[16:25:31] [ResCache] [INFO] 正在加载 GameData.ChallengePeakGroupConfigData…
[16:25:31] [ResCache] [INFO] 正在加载 GameData.ChallengePeakConfigData…
[16:25:31] [ResCache] [INFO] 正在加载 GameData.ChallengePeakBossConfigData…
[16:25:31] [ResCache] [INFO] 正在加载 GameData.ChallengeRewardData…
[16:25:31] [ResCache] [INFO] 正在加载 GameData.CocoonConfigData…
[16:25:31] [ResCache] [INFO] 正在加载 GameData.StageConfigData…
[16:25:32] [ResCache] [INFO] 正在加载 GameData.RaidConfigData…
[16:25:32] [ResCache] [INFO] 正在加载 GameData.MazeBuffData…
[16:25:32] [ResCache] [INFO] 正在加载 GameData.InteractConfigData…
[16:25:32] [ResCache] [INFO] 正在加载 GameData.NpcMonsterDataData…
[16:25:32] [ResCache] [INFO] 正在加载 GameData.MonsterConfigData…
[16:25:32] [ResCache] [INFO] 正在加载 GameData.MonsterTemplateConfigData…
[16:25:32] [ResCache] [INFO] 正在加载 GameData.MonsterDropData…
[16:25:32] [ResCache] [INFO] 正在加载 GameData.BattleCollegeConfigData…
[16:25:32] [ResCache] [INFO] 正在加载 GameData.BattleTargetConfigData…
[16:25:32] [ResCache] [INFO] 正在加载 GameData.AchievementDataData…
[16:25:32] [ResCache] [INFO] 正在加载 GameData.QuestDataData…
[16:25:32] [ResCache] [INFO] 正在加载 GameData.FinishWayData…
[16:25:32] [ResCache] [INFO] 正在加载 GameData.PlayerLevelConfigData…
[16:25:32] [ResCache] [INFO] 正在加载 GameData.BackGroundMusicData…
[16:25:32] [ResCache] [INFO] 正在加载 GameData.ChatBubbleConfigData…
[16:25:32] [ResCache] [INFO] 正在加载 GameData.RechargeConfigData…
[16:25:32] [ResCache] [INFO] 正在加载 GameData.RechargeGiftConfigData…
[16:25:32] [ResCache] [INFO] 正在加载 GameData.OfferingTypeConfigData…
[16:25:32] [ResCache] [INFO] 正在加载 GameData.OfferingLevelConfigData…
[16:25:32] [ResCache] [INFO] 正在加载 GameData.FloorInfoData…
[16:25:33] [ResCache] [INFO] 正在加载 GameData.NpcDataData…
[16:25:33] [ResCache] [INFO] 正在加载 GameData.MapEntranceData…
[16:25:33] [ResCache] [INFO] 正在加载 GameData.MazePlaneData…
[16:25:33] [ResCache] [INFO] 正在加载 GameData.MazePuzzleSwitchHandData…
[16:25:33] [ResCache] [INFO] 正在加载 GameData.MazeChestData…
[16:25:33] [ResCache] [INFO] 正在加载 GameData.MazePropData…
[16:25:33] [ResCache] [INFO] 正在加载 GameData.PlaneEventData…
[16:25:33] [ResCache] [INFO] 正在加载 GameData.ContentPackageConfigData…
[16:25:33] [ResCache] [INFO] 正在加载 GameData.GroupSystemUnlockDataData…
[16:25:33] [ResCache] [INFO] 正在加载 GameData.FuncUnlockDataData…
[16:25:33] [ResCache] [INFO] 正在加载 GameData.MusicRhythmLevelData…
[16:25:33] [ResCache] [INFO] 正在加载 GameData.MusicRhythmGroupData…
[16:25:33] [ResCache] [INFO] 正在加载 GameData.MusicRhythmPhaseData…
[16:25:33] [ResCache] [INFO] 正在加载 GameData.MusicRhythmSongData…
[16:25:33] [ResCache] [INFO] 正在加载 GameData.MusicRhythmSoundEffectData…
[16:25:33] [ResCache] [INFO] 正在加载 GameData.MusicRhythmTrackData…
[16:25:33] [ResCache] [INFO] 正在加载 GameData.AdventureModifierData…
[16:25:34] [ResCache] [INFO] 正在加载 GameData.SceneRainbowGroupPropertyData…
[16:25:34] [ResCache] [INFO] 正在加载 GameData.MappingInfoData…
[16:25:34] [ResCache] [INFO] 正在加载 GameData.ItemConfigData…
[16:25:34] [ResCache] [INFO] 正在加载 GameData.ItemUseBuffDataData…
[16:25:34] [ResCache] [INFO] 正在加载 GameData.ItemUseDataData…
[16:25:34] [ResCache] [INFO] 正在加载 GameData.EquipmentConfigData…
[16:25:34] [ResCache] [INFO] 正在加载 GameData.EquipmentExpTypeData…
[16:25:34] [ResCache] [INFO] 正在加载 GameData.EquipmentExpItemConfigData…
[16:25:34] [ResCache] [INFO] 正在加载 GameData.EquipmentPromotionConfigData…
[16:25:34] [ResCache] [INFO] 正在加载 GameData.RelicMainAffixData…
[16:25:34] [ResCache] [INFO] 正在加载 GameData.RelicSubAffixData…
[16:25:34] [ResCache] [INFO] 正在加载 GameData.RelicConfigData…
[16:25:34] [ResCache] [INFO] 正在加载 GameData.RelicExpItemData…
[16:25:34] [ResCache] [INFO] 正在加载 GameData.RelicExpTypeData…
[16:25:34] [ResCache] [INFO] 正在加载 GameData.PetData…
[16:25:34] [ResCache] [INFO] 正在加载 GameData.SpecialAvatarData…
[16:25:34] [ResCache] [INFO] 正在加载 GameData.SpecialAvatarRelicData…
[16:25:34] [ResCache] [INFO] 正在加载 GameData.DailyQuestConfigData…
[16:25:34] [ResCache] [INFO] 正在加载 GameData.MainMissionData…
[16:25:34] [ResCache] [INFO] 正在加载 GameData.SubMissionData…
[16:25:34] [ResCache] [INFO] 正在加载 GameData.SubMissionInfoData…
[16:25:34] [ResCache] [INFO] 正在加载 GameData.RewardDataData…
[16:25:34] [ResCache] [INFO] 正在加载 GameData.MessageGroupConfigData…
[16:25:34] [ResCache] [INFO] 正在加载 GameData.MessageSectionConfigData…
[16:25:34] [ResCache] [INFO] 正在加载 GameData.MessageContactsConfigData…
[16:25:34] [ResCache] [INFO] 正在加载 GameData.MessageItemConfigData…
[16:25:34] [ResCache] [INFO] 正在加载 GameData.PerformanceDData…
[16:25:34] [ResCache] [INFO] 正在加载 GameData.PerformanceEData…
[16:25:34] [ResCache] [INFO] 正在加载 GameData.StoryLineData…
[16:25:34] [ResCache] [INFO] 正在加载 GameData.StoryLineFloorDataData…
[16:25:34] [ResCache] [INFO] 正在加载 GameData.StroyLineTrialAvatarDataData…
[16:25:34] [ResCache] [INFO] 正在加载 GameData.HeartDialScriptData…
[16:25:34] [ResCache] [INFO] 正在加载 GameData.HeartDialDialogueData…
[16:25:34] [ResCache] [INFO] 正在加载 GameData.ShopConfigData…
[16:25:34] [ResCache] [INFO] 正在加载 GameData.RollShopConfigData…
[16:25:34] [ResCache] [INFO] 正在加载 GameData.RollShopRewardData…
[16:25:34] [ResCache] [INFO] 正在加载 GameData.ItemComposeConfigData…
[16:25:34] [ResCache] [INFO] 正在加载 GameData.MatchThreeLevelData…
[16:25:34] [ResCache] [INFO] 正在加载 GameData.MatchThreeBirdData…
[16:25:34] [ResCache] [INFO] 正在加载 GameData.TutorialDataData…
[16:25:34] [ResCache] [INFO] 正在加载 GameData.TutorialGuideDataData…
[16:25:34] [ResCache] [INFO] 已加载 资源缓存。
[16:25:34] [CommandManager] [INFO] 注册了 19 个 命令。
[16:25:34] [Program] [INFO] 正在加载 插件…
[16:25:34] [HandbookGenerator] [INFO] 已生成 手册。
[16:25:34] [Program] [INFO] 启动完成！用时 3.9s，输入 ‘help’ 来获取命令帮助
[16:25:48] [DispatchServer] [INFO] Client request: query_dispatch
[16:25:48] [GatewayServer] [INFO] Client request: query_gateway
[16:26:19] [GatewayServer] [INFO] Client request: query_gateway
[16:26:30] [GameServer] [INFO] New connection from 127.0.0.1:55329.
[16:26:33] [GameServer] [INFO] 127.0.0.1:55329 key exchange successful
[16:26:33] [DailyActiveManager] [INFO] [DailyActiveManager] Last update time: 0, Current time: 1771374393
[16:26:34] [DailyActiveManager] [INFO] [DailyActiveManager] Last update time: 1771374393, Current time: 1771374394
[16:26:35] [DailyActiveManager] [INFO] [DailyActiveManager] Last update time: 1771374394, Current time: 1771374395
[16:29:31] [GameServer] [INFO] Connection with 127.0.0.1:55329 has been closed
[16:29:37] [Program] [INFO] 关闭中…
[16:29:37] [PluginManager] [INFO] 卸载了所有 插件。
